<?xml version="1.0" encoding="UTF-8"?>
<!-- Generated by org.testng.reporters.JUnitReportReporter -->
<testsuite skipped="0" hostname="atauser9-PC" name="com.crm.qa.tests.loginPageTest" tests="3" failures="0" timestamp="2020-04-15T16:41:46 CDT" time="4.322" errors="0">
  <testcase name="validateLoginPageTitleTest" time="0.012" classname="com.crm.qa.tests.loginPageTest"/>
  <system-out/>
  <testcase name="validateCRMLogoTest" time="0.077" classname="com.crm.qa.tests.loginPageTest"/>
  <system-out/>
  <testcase name="validateLoginTest" time="4.233" classname="com.crm.qa.tests.loginPageTest"/>
  <system-out/>
</testsuite> <!-- com.crm.qa.tests.loginPageTest -->
