<?xml version="1.0" encoding="UTF-8"?>
<!-- Generated by org.testng.reporters.JUnitReportReporter -->
<testsuite skipped="2" hostname="atauser9-PC" name="com.crm.qa.tests.ContactsPageTest" tests="2" failures="0" timestamp="2020-04-15T11:49:39 CDT" time="0.001" errors="0">
  <testcase name="validateHeader" time="0.001" classname="com.crm.qa.tests.ContactsPageTest">
    <skipped/>
  </testcase> <!-- validateHeader -->
  <system-out/>
  <testcase name="validateContactsTable" time="0.000" classname="com.crm.qa.tests.ContactsPageTest">
    <skipped/>
  </testcase> <!-- validateContactsTable -->
  <system-out/>
</testsuite> <!-- com.crm.qa.tests.ContactsPageTest -->
