<?xml version="1.0" encoding="UTF-8"?>
<!-- Generated by org.testng.reporters.JUnitReportReporter -->
<testsuite skipped="3" hostname="atauser9-PC" name="com.crm.qa.tests.HomePageTest" tests="3" failures="0" timestamp="2020-04-15T11:49:39 CDT" time="0.000" errors="0">
  <testcase name="validateHomePageTitleTest" time="0.000" classname="com.crm.qa.tests.HomePageTest">
    <skipped/>
  </testcase> <!-- validateHomePageTitleTest -->
  <system-out/>
  <testcase name="validateDealsLink" time="0.000" classname="com.crm.qa.tests.HomePageTest">
    <skipped/>
  </testcase> <!-- validateDealsLink -->
  <system-out/>
  <testcase name="validateUsername" time="0.000" classname="com.crm.qa.tests.HomePageTest">
    <skipped/>
  </testcase> <!-- validateUsername -->
  <system-out/>
</testsuite> <!-- com.crm.qa.tests.HomePageTest -->
